<?xml version="1.0" encoding="utf-8"?><testsuites name="pytest tests"><testsuite name="pytest" errors="0" failures="0" skipped="0" tests="29" time="11.699" timestamp="2026-03-17T23:15:21.798343+00:00" hostname="agent-env-7194f1a7-1391-4ffa-b251-0f0a421c8159"><testcase classname="tests.test_gosocial_api.TestAuthRoutes" name="test_register_user_success" time="0.489" /><testcase classname="tests.test_gosocial_api.TestAuthRoutes" name="test_register_duplicate_email_fails" time="0.063" /><testcase classname="tests.test_gosocial_api.TestAuthRoutes" name="test_login_success" time="0.290" /><testcase classname="tests.test_gosocial_api.TestAuthRoutes" name="test_login_invalid_credentials" time="0.282" /><testcase classname="tests.test_gosocial_api.TestAuthRoutes" name="test_get_me_authenticated" time="0.068" /><testcase classname="tests.test_gosocial_api.TestAuthRoutes" name="test_get_me_unauthenticated" time="0.061" /><testcase classname="tests.test_gosocial_api.TestLeadsRoutes" name="test_get_leads_empty" time="0.999" /><testcase classname="tests.test_gosocial_api.TestLeadsRoutes" name="test_create_lead" time="0.059" /><testcase classname="tests.test_gosocial_api.TestLeadsRoutes" name="test_create_and_get_lead" time="0.184" /><testcase classname="tests.test_gosocial_api.TestLeadsRoutes" name="test_update_lead" time="0.207" /><testcase classname="tests.test_gosocial_api.TestLeadsRoutes" name="test_delete_lead" time="0.179" /><testcase classname="tests.test_gosocial_api.TestLeadsRoutes" name="test_get_leads_with_filters" time="0.063" /><testcase classname="tests.test_gosocial_api.TestConversationsRoutes" name="test_get_conversations" time="0.449" /><testcase classname="tests.test_gosocial_api.TestConversationsRoutes" name="test_get_conversation_by_id" time="0.055" /><testcase classname="tests.test_gosocial_api.TestConversationsRoutes" name="test_get_nonexistent_conversation" time="0.055" /><testcase classname="tests.test_gosocial_api.TestAIRoutes" name="test_ai_suggest_reply" time="0.533" /><testcase classname="tests.test_gosocial_api.TestAIRoutes" name="test_ai_score_lead" time="4.424" /><testcase classname="tests.test_gosocial_api.TestAnalyticsRoutes" name="test_analytics_overview" time="0.547" /><testcase classname="tests.test_gosocial_api.TestAnalyticsRoutes" name="test_analytics_pipeline" time="0.072" /><testcase classname="tests.test_gosocial_api.TestTemplatesRoutes" name="test_get_templates" time="0.493" /><testcase classname="tests.test_gosocial_api.TestTemplatesRoutes" name="test_create_template" time="0.053" /><testcase classname="tests.test_gosocial_api.TestTemplatesRoutes" name="test_update_template" time="0.107" /><testcase classname="tests.test_gosocial_api.TestTemplatesRoutes" name="test_delete_template" time="0.103" /><testcase classname="tests.test_gosocial_api.TestSettingsRoutes" name="test_get_settings" time="0.464" /><testcase classname="tests.test_gosocial_api.TestSettingsRoutes" name="test_update_settings" time="0.119" /><testcase classname="tests.test_gosocial_api.TestBillingRoutes" name="test_get_plans" time="0.463" /><testcase classname="tests.test_gosocial_api.TestBillingRoutes" name="test_get_subscription" time="0.110" /><testcase classname="tests.test_gosocial_api.TestSeedRoutes" name="test_seed_data" time="0.474" /><testcase classname="tests.test_gosocial_api.TestAPIRoot" name="test_api_root" time="0.134" /></testsuite></testsuites>