<?xml version="1.0" encoding="utf-8"?><testsuites name="pytest tests"><testsuite name="pytest" errors="0" failures="0" skipped="0" tests="28" time="5.443" timestamp="2026-03-18T01:50:35.605858+00:00" hostname="agent-env-8dc11ba8-135a-4543-aa50-beb97d8656e6"><testcase classname="backend.tests.test_new_features.TestActivityLog" name="test_get_activity_log_success" time="0.631" /><testcase classname="backend.tests.test_new_features.TestActivityLog" name="test_get_activity_log_with_limit" time="0.072" /><testcase classname="backend.tests.test_new_features.TestActivityLog" name="test_get_activity_log_filter_by_entity_type" time="0.260" /><testcase classname="backend.tests.test_new_features.TestActivityLog" name="test_get_activity_log_filter_by_member_id" time="0.133" /><testcase classname="backend.tests.test_new_features.TestActivityLog" name="test_get_activity_log_combined_filters" time="0.066" /><testcase classname="backend.tests.test_new_features.TestTeamPerformance" name="test_get_team_performance_success" time="0.569" /><testcase classname="backend.tests.test_new_features.TestTeamPerformance" name="test_team_performance_member_structure" time="0.076" /><testcase classname="backend.tests.test_new_features.TestTeamPerformance" name="test_team_performance_stats_are_integers" time="0.074" /><testcase classname="backend.tests.test_new_features.TestLinkedInIntegration" name="test_connect_linkedin_success" time="0.509" /><testcase classname="backend.tests.test_new_features.TestLinkedInIntegration" name="test_connect_linkedin_duplicate_fails" time="0.063" /><testcase classname="backend.tests.test_new_features.TestLinkedInIntegration" name="test_seed_linkedin_demo_conversations" time="0.067" /><testcase classname="backend.tests.test_new_features.TestLinkedInIntegration" name="test_get_linkedin_conversations" time="0.061" /><testcase classname="backend.tests.test_new_features.TestLinkedInIntegration" name="test_linkedin_conversation_structure" time="0.063" /><testcase classname="backend.tests.test_new_features.TestLinkedInIntegration" name="test_get_linkedin_conversation_detail" time="0.198" /><testcase classname="backend.tests.test_new_features.TestLinkedInIntegration" name="test_send_linkedin_message" time="0.134" /><testcase classname="backend.tests.test_new_features.TestLinkedInIntegration" name="test_search_linkedin_conversations" time="0.064" /><testcase classname="backend.tests.test_new_features.TestLinkedInIntegration" name="test_linkedin_in_integrations_list" time="0.062" /><testcase classname="backend.tests.test_new_features.TestVoiceMessaging" name="test_send_voice_message_success" time="0.622" /><testcase classname="backend.tests.test_new_features.TestVoiceMessaging" name="test_send_voice_message_with_audio_url" time="0.080" /><testcase classname="backend.tests.test_new_features.TestVoiceMessaging" name="test_voice_message_updates_conversation" time="0.153" /><testcase classname="backend.tests.test_new_features.TestVoiceMessaging" name="test_voice_message_appears_in_messages" time="0.137" /><testcase classname="backend.tests.test_new_features.TestVoiceMessaging" name="test_voice_message_nonexistent_conversation" time="0.079" /><testcase classname="backend.tests.test_new_features.TestVoiceMessaging" name="test_voice_message_zero_duration" time="0.070" /><testcase classname="backend.tests.test_new_features.TestAllFeaturesIntegration" name="test_team_members_still_works" time="0.506" /><testcase classname="backend.tests.test_new_features.TestAllFeaturesIntegration" name="test_team_invite_still_works" time="0.293" /><testcase classname="backend.tests.test_new_features.TestAllFeaturesIntegration" name="test_all_integrations_list_includes_all_platforms" time="0.071" /><testcase classname="backend.tests.test_new_features.TestAllFeaturesIntegration" name="test_crm_conversations_still_work" time="0.085" /><testcase classname="backend.tests.test_new_features.TestAllFeaturesIntegration" name="test_regular_text_messages_still_work" time="0.145" /></testsuite></testsuites>