<?xml version="1.0" encoding="utf-8"?><testsuites name="pytest tests"><testsuite name="pytest" errors="0" failures="0" skipped="0" tests="29" time="8.913" timestamp="2026-03-18T01:15:26.988314+00:00" hostname="agent-env-8dc11ba8-135a-4543-aa50-beb97d8656e6"><testcase classname="backend.tests.test_autopilot_integrations.TestAutopilotCampaignsCRUD" name="test_get_campaigns_empty_or_list" time="0.740" /><testcase classname="backend.tests.test_autopilot_integrations.TestAutopilotCampaignsCRUD" name="test_create_campaign_basic" time="0.069" /><testcase classname="backend.tests.test_autopilot_integrations.TestAutopilotCampaignsCRUD" name="test_create_campaign_with_steps_and_targeting" time="0.064" /><testcase classname="backend.tests.test_autopilot_integrations.TestAutopilotCampaignsCRUD" name="test_get_campaign_by_id" time="0.111" /><testcase classname="backend.tests.test_autopilot_integrations.TestAutopilotCampaignsCRUD" name="test_get_nonexistent_campaign_404" time="0.063" /><testcase classname="backend.tests.test_autopilot_integrations.TestAutopilotCampaignsCRUD" name="test_update_campaign" time="0.111" /><testcase classname="backend.tests.test_autopilot_integrations.TestAutopilotCampaignsCRUD" name="test_delete_campaign" time="0.173" /><testcase classname="backend.tests.test_autopilot_integrations.TestAutopilotCampaignToggle" name="test_toggle_campaign_requires_steps" time="0.587" /><testcase classname="backend.tests.test_autopilot_integrations.TestAutopilotCampaignToggle" name="test_toggle_campaign_activate_pause" time="0.279" /><testcase classname="backend.tests.test_autopilot_integrations.TestAutopilotCampaignSimulate" name="test_simulate_campaign_preview" time="0.810" /><testcase classname="backend.tests.test_autopilot_integrations.TestAutopilotCampaignAnalytics" name="test_campaign_analytics" time="0.548" /><testcase classname="backend.tests.test_autopilot_integrations.TestIntegrationsOverview" name="test_get_integrations_list" time="0.658" /><testcase classname="backend.tests.test_autopilot_integrations.TestIntegrationsOverview" name="test_connect_unsupported_platform_fails" time="0.057" /><testcase classname="backend.tests.test_autopilot_integrations.TestWhatsAppIntegration" name="test_connect_whatsapp" time="0.545" /><testcase classname="backend.tests.test_autopilot_integrations.TestWhatsAppIntegration" name="test_connect_whatsapp_duplicate_fails" time="0.052" /><testcase classname="backend.tests.test_autopilot_integrations.TestWhatsAppIntegration" name="test_seed_whatsapp_demo_conversations" time="0.057" /><testcase classname="backend.tests.test_autopilot_integrations.TestWhatsAppIntegration" name="test_get_whatsapp_conversations" time="0.148" /><testcase classname="backend.tests.test_autopilot_integrations.TestWhatsAppIntegration" name="test_get_whatsapp_conversation_detail" time="0.161" /><testcase classname="backend.tests.test_autopilot_integrations.TestWhatsAppIntegration" name="test_send_whatsapp_message" time="0.119" /><testcase classname="backend.tests.test_autopilot_integrations.TestWhatsAppIntegration" name="test_search_whatsapp_conversations" time="0.070" /><testcase classname="backend.tests.test_autopilot_integrations.TestInstagramIntegration" name="test_connect_instagram" time="0.781" /><testcase classname="backend.tests.test_autopilot_integrations.TestInstagramIntegration" name="test_connect_instagram_duplicate_fails" time="0.095" /><testcase classname="backend.tests.test_autopilot_integrations.TestInstagramIntegration" name="test_seed_instagram_demo_conversations" time="0.125" /><testcase classname="backend.tests.test_autopilot_integrations.TestInstagramIntegration" name="test_get_instagram_conversations" time="0.095" /><testcase classname="backend.tests.test_autopilot_integrations.TestInstagramIntegration" name="test_get_instagram_conversation_detail" time="0.189" /><testcase classname="backend.tests.test_autopilot_integrations.TestInstagramIntegration" name="test_send_instagram_message" time="0.176" /><testcase classname="backend.tests.test_autopilot_integrations.TestIntegrationDisconnect" name="test_disconnect_integration" time="1.191" /><testcase classname="backend.tests.test_autopilot_integrations.TestIntegrationDisconnect" name="test_disconnect_nonexistent_integration_404" time="0.112" /><testcase classname="backend.tests.test_autopilot_integrations.TestIntegrationPlatformNotConnected" name="test_conversations_when_not_connected" time="0.615" /></testsuite></testsuites>