<?xml version="1.0" encoding="utf-8"?><testsuites name="pytest tests"><testsuite name="pytest" errors="0" failures="0" skipped="0" tests="29" time="10.634" timestamp="2026-03-17T23:28:22.513237+00:00" hostname="agent-env-7194f1a7-1391-4ffa-b251-0f0a421c8159"><testcase classname="backend.tests.test_gosocial_api.TestAuthRoutes" name="test_register_user_success" time="0.488" /><testcase classname="backend.tests.test_gosocial_api.TestAuthRoutes" name="test_register_duplicate_email_fails" time="0.067" /><testcase classname="backend.tests.test_gosocial_api.TestAuthRoutes" name="test_login_success" time="0.286" /><testcase classname="backend.tests.test_gosocial_api.TestAuthRoutes" name="test_login_invalid_credentials" time="0.292" /><testcase classname="backend.tests.test_gosocial_api.TestAuthRoutes" name="test_get_me_authenticated" time="0.072" /><testcase classname="backend.tests.test_gosocial_api.TestAuthRoutes" name="test_get_me_unauthenticated" time="0.066" /><testcase classname="backend.tests.test_gosocial_api.TestLeadsRoutes" name="test_get_leads_empty" time="0.505" /><testcase classname="backend.tests.test_gosocial_api.TestLeadsRoutes" name="test_create_lead" time="0.063" /><testcase classname="backend.tests.test_gosocial_api.TestLeadsRoutes" name="test_create_and_get_lead" time="0.128" /><testcase classname="backend.tests.test_gosocial_api.TestLeadsRoutes" name="test_update_lead" time="0.216" /><testcase classname="backend.tests.test_gosocial_api.TestLeadsRoutes" name="test_delete_lead" time="0.210" /><testcase classname="backend.tests.test_gosocial_api.TestLeadsRoutes" name="test_get_leads_with_filters" time="0.075" /><testcase classname="backend.tests.test_gosocial_api.TestConversationsRoutes" name="test_get_conversations" time="0.516" /><testcase classname="backend.tests.test_gosocial_api.TestConversationsRoutes" name="test_get_conversation_by_id" time="0.068" /><testcase classname="backend.tests.test_gosocial_api.TestConversationsRoutes" name="test_get_nonexistent_conversation" time="0.071" /><testcase classname="backend.tests.test_gosocial_api.TestAIRoutes" name="test_ai_suggest_reply" time="0.586" /><testcase classname="backend.tests.test_gosocial_api.TestAIRoutes" name="test_ai_score_lead" time="3.366" /><testcase classname="backend.tests.test_gosocial_api.TestAnalyticsRoutes" name="test_analytics_overview" time="0.544" /><testcase classname="backend.tests.test_gosocial_api.TestAnalyticsRoutes" name="test_analytics_pipeline" time="0.077" /><testcase classname="backend.tests.test_gosocial_api.TestTemplatesRoutes" name="test_get_templates" time="0.499" /><testcase classname="backend.tests.test_gosocial_api.TestTemplatesRoutes" name="test_create_template" time="0.069" /><testcase classname="backend.tests.test_gosocial_api.TestTemplatesRoutes" name="test_update_template" time="0.156" /><testcase classname="backend.tests.test_gosocial_api.TestTemplatesRoutes" name="test_delete_template" time="0.161" /><testcase classname="backend.tests.test_gosocial_api.TestSettingsRoutes" name="test_get_settings" time="0.500" /><testcase classname="backend.tests.test_gosocial_api.TestSettingsRoutes" name="test_update_settings" time="0.147" /><testcase classname="backend.tests.test_gosocial_api.TestBillingRoutes" name="test_get_plans" time="0.519" /><testcase classname="backend.tests.test_gosocial_api.TestBillingRoutes" name="test_get_subscription" time="0.146" /><testcase classname="backend.tests.test_gosocial_api.TestSeedRoutes" name="test_seed_data" time="0.540" /><testcase classname="backend.tests.test_gosocial_api.TestAPIRoot" name="test_api_root" time="0.130" /></testsuite></testsuites>